<?xml version="1.0" encoding="UTF-8"?>
<!-- Generated by org.testng.reporters.JUnitXMLReporter -->
<testsuite ignored="0" hostname="ARPGL005177" failures="0" tests="3" name="Book Flight" time="13.043" errors="0" timestamp="12 Jan 2022 12:29:42 GMT">
  <testcase classname="com.maersk.assignment.tests.OpenWeatherAPITest" name="getWeatherData" time="1.231"/>
  <testcase classname="com.maersk.assignment.tests.OpenWeatherAPITest" name="getWeatherData" time="0.234"/>
  <testcase classname="com.maersk.assignment.tests.BlazeDemoOrder" name="bookFlight" time="7.476"/>
</testsuite> <!-- Book Flight -->
