<?xml version="1.0" encoding="UTF-8"?>
<testng-results ignored="0" total="1" passed="1" failed="0" skipped="0">
  <reporter-output>
  </reporter-output>
  <suite started-at="2022-01-12T12:39:46Z" name="Default suite" finished-at="2022-01-12T12:40:00Z" duration-ms="13890">
    <groups>
    </groups>
    <test started-at="2022-01-12T12:39:46Z" name="Default test" finished-at="2022-01-12T12:40:00Z" duration-ms="13890">
      <class name="com.maersk.assignment.tests.BlazeDemoOrder">
        <test-method is-config="true" signature="launch()[pri:0, instance:com.maersk.assignment.tests.BlazeDemoOrder@17d88132]" started-at="2022-01-12T12:39:46Z" name="launch" finished-at="2022-01-12T12:39:50Z" duration-ms="4032" status="PASS">
          <reporter-output>
          </reporter-output>
        </test-method> <!-- launch -->
        <test-method signature="bookFlight(java.lang.String, java.lang.String, java.lang.String, java.lang.String, java.lang.String, java.lang.String, java.lang.String, java.lang.String, java.lang.String, java.lang.String, java.lang.String, java.lang.String, java.lang.String, java.lang.String)[pri:0, instance:com.maersk.assignment.tests.BlazeDemoOrder@17d88132]" started-at="2022-01-12T12:39:50Z" name="bookFlight" data-provider="flightBooking" finished-at="2022-01-12T12:39:59Z" duration-ms="9253" status="PASS">
          <params>
            <param index="0">
              <value>
                <![CDATA[San Diego]]>
              </value>
            </param>
            <param index="1">
              <value>
                <![CDATA[London]]>
              </value>
            </param>
            <param index="2">
              <value>
                <![CDATA[Airline]]>
              </value>
            </param>
            <param index="3">
              <value>
                <![CDATA[Virgin America]]>
              </value>
            </param>
            <param index="4">
              <value>
                <![CDATA[Yamuna]]>
              </value>
            </param>
            <param index="5">
              <value>
                <![CDATA[Silkboard]]>
              </value>
            </param>
            <param index="6">
              <value>
                <![CDATA[Bangalore]]>
              </value>
            </param>
            <param index="7">
              <value>
                <![CDATA[Karnataka]]>
              </value>
            </param>
            <param index="8">
              <value>
                <![CDATA[560016]]>
              </value>
            </param>
            <param index="9">
              <value>
                <![CDATA[American Express]]>
              </value>
            </param>
            <param index="10">
              <value>
                <![CDATA[123456789012]]>
              </value>
            </param>
            <param index="11">
              <value>
                <![CDATA[12]]>
              </value>
            </param>
            <param index="12">
              <value>
                <![CDATA[2027]]>
              </value>
            </param>
            <param index="13">
              <value>
                <![CDATA[Yamuna Kolusu]]>
              </value>
            </param>
          </params>
          <reporter-output>
          </reporter-output>
        </test-method> <!-- bookFlight -->
        <test-method is-config="true" signature="close()[pri:0, instance:com.maersk.assignment.tests.BlazeDemoOrder@17d88132]" started-at="2022-01-12T12:39:59Z" name="close" finished-at="2022-01-12T12:40:00Z" duration-ms="123" status="PASS">
          <reporter-output>
          </reporter-output>
        </test-method> <!-- close -->
      </class> <!-- com.maersk.assignment.tests.BlazeDemoOrder -->
    </test> <!-- Default test -->
  </suite> <!-- Default suite -->
</testng-results>
